<?xml version="1.0" encoding="UTF-8"?>
<testng-results ignored="0" total="7" passed="7" failed="0" skipped="0">
  <reporter-output>
  </reporter-output>
  <suite started-at="2022-07-11T15:12:14 CDT" name="Default suite" finished-at="2022-07-11T15:12:44 CDT" duration-ms="29451">
    <groups>
    </groups>
    <test started-at="2022-07-11T15:12:14 CDT" name="Default test" finished-at="2022-07-11T15:12:44 CDT" duration-ms="29451">
      <class name="com.coursetune.tests.CourseTuneTest">
        <test-method is-config="true" signature="beforeTest()[pri:0, instance:com.coursetune.tests.CourseTuneTest@3ee37e5a]" started-at="2022-07-11T15:12:14 CDT" name="beforeTest" finished-at="2022-07-11T15:12:16 CDT" duration-ms="1542" status="PASS">
          <reporter-output>
          </reporter-output>
        </test-method> <!-- beforeTest -->
        <test-method signature="TestLogin()[pri:0, instance:com.coursetune.tests.CourseTuneTest@3ee37e5a]" started-at="2022-07-11T15:12:16 CDT" name="TestLogin" finished-at="2022-07-11T15:12:19 CDT" duration-ms="2684" status="PASS">
          <reporter-output>
          </reporter-output>
        </test-method> <!-- TestLogin -->
        <test-method signature="TestAddDivision()[pri:0, instance:com.coursetune.tests.CourseTuneTest@3ee37e5a]" started-at="2022-07-11T15:12:19 CDT" name="TestAddDivision" finished-at="2022-07-11T15:12:26 CDT" depends-on-methods="com.coursetune.tests.CourseTuneTest.TestLogin" duration-ms="7057" status="PASS">
          <reporter-output>
          </reporter-output>
        </test-method> <!-- TestAddDivision -->
        <test-method signature="TestAddGroup()[pri:0, instance:com.coursetune.tests.CourseTuneTest@3ee37e5a]" started-at="2022-07-11T15:12:26 CDT" name="TestAddGroup" finished-at="2022-07-11T15:12:28 CDT" depends-on-methods="com.coursetune.tests.CourseTuneTest.TestAddDivision" duration-ms="2066" status="PASS">
          <reporter-output>
          </reporter-output>
        </test-method> <!-- TestAddGroup -->
        <test-method signature="TestAddTraining()[pri:0, instance:com.coursetune.tests.CourseTuneTest@3ee37e5a]" started-at="2022-07-11T15:12:28 CDT" name="TestAddTraining" finished-at="2022-07-11T15:12:30 CDT" depends-on-methods="com.coursetune.tests.CourseTuneTest.TestAddGroup" duration-ms="2301" status="PASS">
          <reporter-output>
          </reporter-output>
        </test-method> <!-- TestAddTraining -->
        <test-method signature="TestAddBundles()[pri:0, instance:com.coursetune.tests.CourseTuneTest@3ee37e5a]" started-at="2022-07-11T15:12:30 CDT" name="TestAddBundles" finished-at="2022-07-11T15:12:31 CDT" depends-on-methods="com.coursetune.tests.CourseTuneTest.TestAddTraining" duration-ms="1341" status="PASS">
          <reporter-output>
          </reporter-output>
        </test-method> <!-- TestAddBundles -->
        <test-method signature="TestAddGoals()[pri:0, instance:com.coursetune.tests.CourseTuneTest@3ee37e5a]" started-at="2022-07-11T15:12:31 CDT" name="TestAddGoals" finished-at="2022-07-11T15:12:39 CDT" depends-on-methods="com.coursetune.tests.CourseTuneTest.TestAddBundles" duration-ms="7467" status="PASS">
          <reporter-output>
          </reporter-output>
        </test-method> <!-- TestAddGoals -->
        <test-method signature="TestLoggout()[pri:0, instance:com.coursetune.tests.CourseTuneTest@3ee37e5a]" started-at="2022-07-11T15:12:39 CDT" name="TestLoggout" finished-at="2022-07-11T15:12:40 CDT" depends-on-methods="com.coursetune.tests.CourseTuneTest.TestAddGoals" duration-ms="814" status="PASS">
          <reporter-output>
          </reporter-output>
        </test-method> <!-- TestLoggout -->
        <test-method is-config="true" signature="afterTest()[pri:0, instance:com.coursetune.tests.CourseTuneTest@3ee37e5a]" started-at="2022-07-11T15:12:40 CDT" name="afterTest" finished-at="2022-07-11T15:12:44 CDT" duration-ms="4147" status="PASS">
          <reporter-output>
          </reporter-output>
        </test-method> <!-- afterTest -->
      </class> <!-- com.coursetune.tests.CourseTuneTest -->
    </test> <!-- Default test -->
  </suite> <!-- Default suite -->
</testng-results>
