<?xml version="1.0" encoding="UTF-8"?>
<!-- Generated by org.testng.reporters.JUnitXMLReporter -->
<testsuite ignored="0" hostname="IP-MTY-DANIELM" failures="0" tests="7" name="Default test" time="29.451" errors="0" timestamp="2022-07-11T15:12:44 CDT">
  <testcase classname="com.coursetune.tests.CourseTuneTest" name="TestLogin" time="2.684"/>
  <testcase classname="com.coursetune.tests.CourseTuneTest" name="TestAddDivision" time="7.057"/>
  <testcase classname="com.coursetune.tests.CourseTuneTest" name="TestAddGroup" time="2.066"/>
  <testcase classname="com.coursetune.tests.CourseTuneTest" name="TestAddTraining" time="2.301"/>
  <testcase classname="com.coursetune.tests.CourseTuneTest" name="TestAddBundles" time="1.341"/>
  <testcase classname="com.coursetune.tests.CourseTuneTest" name="TestAddGoals" time="7.467"/>
  <testcase classname="com.coursetune.tests.CourseTuneTest" name="TestLoggout" time="0.814"/>
</testsuite> <!-- Default test -->
